Sat Nov 16 07:56:21 2024
 Starting server with PID: 6193
Sat Nov 16 07:57:16 2024
 Starting server with PID: 6272
Sat Nov 16 07:57:16 2024
 Received unknown message: 
Sat Nov 16 07:57:23 2024
 Starting server with PID: 6321
Sat Nov 16 07:57:23 2024
 Received unknown message: 
Tue Nov 26 08:19:01 2024
 Starting server with PID: 11226
Tue Nov 26 08:19:01 2024
 Server stopped: OnStopped Exception
Tue Nov 26 08:19:03 2024
 Server started successfully with PID: 11226
Tue Nov 26 08:19:03 2024
 Guardian: Exiting
Sun Dec  1 08:33:50 2024
 Starting server...
Sun Dec  1 08:33:50 2024
 Server started with PID: 3425
Sun Dec  1 08:33:52 2024
 OnStartup Success
